Arguments: 
  C:\Program Files (x86)\nodejs\node.exe C:\Users\SavenkovAV\AppData\Roaming\npm\node_modules\yarn\bin\yarn.js

PATH: 
  C:\app\client\product\18.0.0\client_1\bin;C:\Program Files\AdoptOpenJDK\jdk-8.0.232.09-hotspot\bin;C:\Windows\system32;C:\Windows;C:\Windows\System32\Wbem;C:\Windows\System32\WindowsPowerShell\v1.0\;C:\Windows\System32\OpenSSH\;C:\Program Files (x86)\IBM\Client Access\Emulator;C:\Program Files (x86)\IBM\Client Access\Shared;C:\Program Files (x86)\IBM\Client Access\;C:\Program Files (x86)\NVIDIA Corporation\PhysX\Common;C:\Program Files (x86)\CheckPoint\Endpoint Security\Endpoint Common\bin;C:\Git\cmd;C:\Program Files\TortoiseGit\bin;C:\Program Files\TortoiseSVN\bin;C:\Program Files (x86)\nodejs\;C:\Java\apache-ant-1.9.14\bin;C:\Java\apache-maven-3.6.3\bin;C:\Program Files\AdoptOpenJDK\jdk-8.0.232.09-hotspot\bin;C:\Users\SavenkovAV\AppData\Local\Yarn\bin;C:\Users\SavenkovAV\AppData\Local\Microsoft\WindowsApps;C:\Users\SavenkovAV\AppData\Roaming\npm;C:\Users\SavenkovAV\AppData\Local\Programs\Microsoft VS Code\bin

Yarn version: 
  1.22.4

Node version: 
  12.9.1

Platform: 
  win32 ia32

Trace: 
  Error: https://registry.npmjs.org/react-redux: tunneling socket could not be established, statusCode=407
      at ClientRequest.onConnect (C:\Users\SavenkovAV\AppData\Roaming\npm\node_modules\yarn\lib\cli.js:152223:19)
      at Object.onceWrapper (events.js:297:20)
      at ClientRequest.emit (events.js:209:13)
      at Socket.socketOnData (_http_client.js:490:11)
      at Socket.emit (events.js:209:13)
      at addChunk (_stream_readable.js:305:12)
      at readableAddChunk (_stream_readable.js:286:11)
      at Socket.Readable.push (_stream_readable.js:220:10)
      at TCP.onStreamRead (internal/stream_base_commons.js:166:17)

npm manifest: 
  {
    "name": "client-react",
    "version": "1.0.0-SNAPSHOT",
    "private": true,
    "devDependencies": {
      "@testing-library/jest-dom": "^4.2.4",
      "@testing-library/react": "^9.3.2",
      "@testing-library/user-event": "^7.1.2",
      "@types/jest": "^24.0.0",
      "@types/node": "^12.0.0",
      "@types/react": "^16.9.0",
      "@types/react-dom": "^16.9.0",
      "@types/styled-components": "^5.0.1",
      "@types/react-router-dom": "^5.1.3",
      "@types/react-redux": "^7.1.7",
      "@types/redux-logger": "^3.0.7"
    },
    "dependencies": {
      "react-redux": "7.2.0",
      "react": "^16.13.1",
      "react-dom": "^16.13.1",
      "react-scripts": "3.4.1",
      "typescript": "^3.8.3",
      "react-app-polyfill": "^1.0.6",
      "core-js": "^3.6.4",
      "styled-components": "^5.0.1",
      "formik": "^2.1.4",
      "react-router-dom": "^5.1.2",
      "axios": "^0.19.2",
      "redux": "^4.0.5",
      "redux-logger": "^3.0.6",
      "redux-saga": "^1.1.3",
      "@jfront/oauth-ui": "^0.1.4",
      "@jfront/ui-core": "^0.3.0",
      "crypto-js": "^4.0.0"
    },
    "scripts": {
      "start": "react-scripts start",
      "build": "react-scripts build",
      "test": "react-scripts test",
      "eject": "react-scripts eject"
    },
    "eslintConfig": {
      "extends": "react-app"
    },
    "browserslist": {
      "production": [
        ">0.2%",
        "not dead",
        "not op_mini all",
        "IE >= 10"
      ],
      "development": [
        "last 1 chrome version",
        "last 1 firefox version",
        "last 1 safari version",
        "IE 11"
      ]
    }
  }

yarn manifest: 
  No manifest

Lockfile: 
  No lockfile
